<?xml version="1.0" encoding="UTF-8"?>
<!-- Generated by org.testng.reporters.JUnitReportReporter -->
<testsuite skipped="0" hostname="BLRCND52100713" name="practicepart2.writesingle" tests="1" failures="0" timestamp="21 Jan 2020 09:37:13 GMT" time="0.498" errors="0">
  <testcase name="writesingledata" time="0.498" classname="practicepart2.writesingle"/>
</testsuite> <!-- practicepart2.writesingle -->
