<?xml version="1.0" encoding="UTF-8"?>
<!-- Generated by org.testng.reporters.JUnitReportReporter -->
<testsuite skipped="0" hostname="BLRCND52100713" name="excel_class.writedataintoexcelsheet" tests="1" failures="0" timestamp="20 Jan 2020 14:51:20 GMT" time="0.433" errors="0">
  <testcase name="Write" time="0.433" classname="excel_class.writedataintoexcelsheet"/>
</testsuite> <!-- excel_class.writedataintoexcelsheet -->
