<?xml version="1.0" encoding="UTF-8"?>
<!-- Generated by org.testng.reporters.JUnitReportReporter -->
<testsuite skipped="0" hostname="BLRCND52100713" name="practicepart2.writemultiple" tests="1" failures="0" timestamp="21 Jan 2020 10:24:45 GMT" time="0.500" errors="0">
  <testcase name="Multiple" time="0.500" classname="practicepart2.writemultiple"/>
</testsuite> <!-- practicepart2.writemultiple -->
