<?xml version="1.0" encoding="UTF-8"?>
<!-- Generated by org.testng.reporters.JUnitReportReporter -->
<testsuite skipped="0" hostname="BLRCND52100713" name="excel_class.Writemultipledata" tests="1" failures="0" timestamp="20 Jan 2020 15:22:53 GMT" time="0.484" errors="0">
  <testcase name="writedata" time="0.484" classname="excel_class.Writemultipledata"/>
</testsuite> <!-- excel_class.Writemultipledata -->
