<?xml version="1.0" encoding="UTF-8"?>
<!-- Generated by org.testng.reporters.JUnitReportReporter -->
<testsuite skipped="0" hostname="BLRCND52100713" name="practicepart2.READMULTIPLEFROMFILE" tests="1" failures="0" timestamp="21 Jan 2020 09:24:07 GMT" time="0.652" errors="0">
  <testcase name="ReadMultiple" time="0.652" classname="practicepart2.READMULTIPLEFROMFILE"/>
</testsuite> <!-- practicepart2.READMULTIPLEFROMFILE -->
