<?xml version="1.0" encoding="UTF-8"?>
<!-- Generated by org.testng.reporters.JUnitReportReporter -->
<testsuite skipped="0" hostname="BLRCND52100713" name="excel_class.write2" tests="1" failures="0" timestamp="20 Jan 2020 15:00:07 GMT" time="0.444" errors="0">
  <testcase name="display" time="0.444" classname="excel_class.write2"/>
</testsuite> <!-- excel_class.write2 -->
