<?xml version="1.0" encoding="UTF-8"?>
<!-- Generated by org.testng.reporters.JUnitReportReporter -->
<testsuite skipped="0" hostname="BLRCND52100713" name="excel_class.ReadMultipledatafromexcel" tests="1" failures="0" timestamp="20 Jan 2020 13:33:02 GMT" time="0.509" errors="0">
  <testcase name="main" time="0.509" classname="excel_class.ReadMultipledatafromexcel"/>
</testsuite> <!-- excel_class.ReadMultipledatafromexcel -->
